Created by PLY version 3.11 (http://www.dabeaz.com/ply)

Unused terminals:

    WHITESPACE

Grammar

Rule 0     S' -> expression
Rule 1     expression -> NAME
Rule 2     expression -> NAME EQUAL
Rule 3     expression -> NAME EQUAL VALUE
Rule 4     expression -> COMMENT

Terminals, with rules where they appear

COMMENT              : 4
EQUAL                : 2 3
NAME                 : 1 2 3
VALUE                : 3
WHITESPACE           : 
error                : 

Nonterminals, with rules where they appear

expression           : 0

Parsing method: LALR

state 0

    (0) S' -> . expression
    (1) expression -> . NAME
    (2) expression -> . NAME EQUAL
    (3) expression -> . NAME EQUAL VALUE
    (4) expression -> . COMMENT

    NAME            shift and go to state 2
    COMMENT         shift and go to state 3

    expression                     shift and go to state 1

state 1

    (0) S' -> expression .



state 2

    (1) expression -> NAME .
    (2) expression -> NAME . EQUAL
    (3) expression -> NAME . EQUAL VALUE

    $end            reduce using rule 1 (expression -> NAME .)
    EQUAL           shift and go to state 4


state 3

    (4) expression -> COMMENT .

    $end            reduce using rule 4 (expression -> COMMENT .)


state 4

    (2) expression -> NAME EQUAL .
    (3) expression -> NAME EQUAL . VALUE

    $end            reduce using rule 2 (expression -> NAME EQUAL .)
    VALUE           shift and go to state 5


state 5

    (3) expression -> NAME EQUAL VALUE .

    $end            reduce using rule 3 (expression -> NAME EQUAL VALUE .)

